level=INFO ts=2021-02-15T06:04:40.3072049Z app=device-simple source=config.go:330 msg="Using local configuration from file (0 environment overrides applied)"
level=INFO ts=2021-02-15T06:04:40.307705Z app=device-simple source=httpserver.go:94 msg="Web server starting (0.0.0.0:49990)"
level=INFO ts=2021-02-15T06:04:40.3087052Z app=device-simple source=init.go:117 msg="Check Metadata service's status ..."
level=INFO ts=2021-02-15T06:04:40.3097054Z app=device-simple source=init.go:117 msg="Check Data service's status ..."
level=INFO ts=2021-02-15T06:04:40.3132061Z app=device-simple source=init.go:42 msg="Service clients initialize successful."
level=INFO ts=2021-02-15T06:04:40.3202075Z app=device-simple source=service.go:90 msg="Device Service device-simple exists"
level=INFO ts=2021-02-15T06:04:40.3382111Z app=device-simple source=message.go:50 msg="Service dependencies resolved..."
level=INFO ts=2021-02-15T06:04:40.3417118Z app=device-simple source=message.go:51 msg="Starting device-simple to be replaced by makefile "
level=INFO ts=2021-02-15T06:04:40.3422119Z app=device-simple source=message.go:58 msg="Service started in: 37ms"
level=INFO ts=2021-02-15T06:04:40.3382111Z app=device-simple source=autodiscovery.go:19 msg="AutoDiscovery stopped: disabled by configuration"
level=INFO ts=2021-02-15T06:04:40.3462127Z app=device-simple source=device.go:58 msg="Added device: temperature-sensor"
level=INFO ts=2021-02-15T06:08:51.7284791Z app=device-simple source=httpserver.go:111 msg="Web server shutting down"
level=INFO ts=2021-02-15T06:08:51.7289792Z app=device-simple source=httpserver.go:102 msg="Web server stopped"
level=INFO ts=2021-02-15T06:08:52.2415817Z app=device-simple source=httpserver.go:113 msg="Web server shut down"
level=INFO ts=2021-02-15T06:11:38.2317731Z app=device-simple source=config.go:330 msg="Using local configuration from file (0 environment overrides applied)"
level=INFO ts=2021-02-15T06:11:38.2322732Z app=device-simple source=httpserver.go:94 msg="Web server starting (0.0.0.0:49990)"
level=ERROR ts=2021-02-15T06:11:38.2327733Z app=device-simple source=init.go:112 msg="service dependency Metadata checking time out"
level=ERROR ts=2021-02-15T06:11:38.2337735Z app=device-simple source=init.go:112 msg="service dependency Data checking time out"
level=INFO ts=2021-02-15T06:11:38.2347737Z app=device-simple source=httpserver.go:111 msg="Web server shutting down"
level=INFO ts=2021-02-15T06:11:38.2352738Z app=device-simple source=httpserver.go:102 msg="Web server stopped"
level=INFO ts=2021-02-15T06:11:38.7353738Z app=device-simple source=httpserver.go:113 msg="Web server shut down"
level=INFO ts=2021-02-15T06:13:04.5015236Z app=device-simple source=config.go:330 msg="Using local configuration from file (0 environment overrides applied)"
level=INFO ts=2021-02-15T06:13:04.5020237Z app=device-simple source=httpserver.go:94 msg="Web server starting (0.0.0.0:49990)"
level=ERROR ts=2021-02-15T06:13:04.5025238Z app=device-simple source=init.go:112 msg="service dependency Metadata checking time out"
level=ERROR ts=2021-02-15T06:13:04.5030239Z app=device-simple source=init.go:112 msg="service dependency Data checking time out"
level=INFO ts=2021-02-15T06:13:04.503524Z app=device-simple source=httpserver.go:111 msg="Web server shutting down"
level=INFO ts=2021-02-15T06:13:04.5050243Z app=device-simple source=httpserver.go:102 msg="Web server stopped"
level=INFO ts=2021-02-15T06:13:05.0051243Z app=device-simple source=httpserver.go:113 msg="Web server shut down"
level=INFO ts=2021-02-15T06:13:47.9197055Z app=device-simple source=config.go:330 msg="Using local configuration from file (0 environment overrides applied)"
level=INFO ts=2021-02-15T06:13:47.9207057Z app=device-simple source=httpserver.go:94 msg="Web server starting (0.0.0.0:49990)"
level=ERROR ts=2021-02-15T06:13:47.9212058Z app=device-simple source=init.go:112 msg="service dependency Metadata checking time out"
level=ERROR ts=2021-02-15T06:13:47.9217059Z app=device-simple source=init.go:112 msg="service dependency Data checking time out"
level=INFO ts=2021-02-15T06:13:47.9227061Z app=device-simple source=httpserver.go:111 msg="Web server shutting down"
level=INFO ts=2021-02-15T06:13:47.9232062Z app=device-simple source=httpserver.go:113 msg="Web server shut down"
level=INFO ts=2021-02-15T06:13:47.9232062Z app=device-simple source=httpserver.go:102 msg="Web server stopped"
level=INFO ts=2021-02-15T06:14:19.1869577Z app=device-simple source=config.go:330 msg="Using local configuration from file (0 environment overrides applied)"
level=INFO ts=2021-02-15T06:14:19.1874578Z app=device-simple source=httpserver.go:94 msg="Web server starting (0.0.0.0:49990)"
level=ERROR ts=2021-02-15T06:14:19.1879579Z app=device-simple source=init.go:112 msg="service dependency Metadata checking time out"
level=ERROR ts=2021-02-15T06:14:19.188458Z app=device-simple source=init.go:112 msg="service dependency Data checking time out"
level=INFO ts=2021-02-15T06:14:19.1899583Z app=device-simple source=httpserver.go:111 msg="Web server shutting down"
level=INFO ts=2021-02-15T06:14:19.1909585Z app=device-simple source=httpserver.go:113 msg="Web server shut down"
level=INFO ts=2021-02-15T06:14:19.1909585Z app=device-simple source=httpserver.go:102 msg="Web server stopped"
level=INFO ts=2021-02-15T06:23:12.3245639Z app=device-simple source=config.go:330 msg="Using local configuration from file (0 environment overrides applied)"
level=INFO ts=2021-02-15T06:23:12.325064Z app=device-simple source=httpserver.go:94 msg="Web server starting (0.0.0.0:49990)"
level=ERROR ts=2021-02-15T06:23:12.3255641Z app=device-simple source=init.go:112 msg="service dependency Metadata checking time out"
level=ERROR ts=2021-02-15T06:23:12.3260642Z app=device-simple source=init.go:112 msg="service dependency Data checking time out"
level=INFO ts=2021-02-15T06:23:12.3270644Z app=device-simple source=httpserver.go:111 msg="Web server shutting down"
level=INFO ts=2021-02-15T06:23:12.3275645Z app=device-simple source=httpserver.go:102 msg="Web server stopped"
level=INFO ts=2021-02-15T06:23:12.8276645Z app=device-simple source=httpserver.go:113 msg="Web server shut down"
level=INFO ts=2021-02-15T06:23:23.3667719Z app=device-simple source=config.go:330 msg="Using local configuration from file (0 environment overrides applied)"
level=INFO ts=2021-02-15T06:23:23.367272Z app=device-simple source=httpserver.go:94 msg="Web server starting (0.0.0.0:49990)"
level=ERROR ts=2021-02-15T06:23:23.3677721Z app=device-simple source=init.go:112 msg="service dependency Metadata checking time out"
level=ERROR ts=2021-02-15T06:23:23.3697725Z app=device-simple source=init.go:112 msg="service dependency Data checking time out"
level=INFO ts=2021-02-15T06:23:23.3987783Z app=device-simple source=httpserver.go:111 msg="Web server shutting down"
level=INFO ts=2021-02-15T06:23:23.4002786Z app=device-simple source=httpserver.go:102 msg="Web server stopped"
level=INFO ts=2021-02-15T06:23:23.9003786Z app=device-simple source=httpserver.go:113 msg="Web server shut down"
level=INFO ts=2021-02-15T06:23:51.4203815Z app=device-simple source=config.go:330 msg="Using local configuration from file (0 environment overrides applied)"
level=INFO ts=2021-02-15T06:23:51.4208816Z app=device-simple source=httpserver.go:94 msg="Web server starting (0.0.0.0:49990)"
level=INFO ts=2021-02-15T06:23:51.4213817Z app=device-simple source=init.go:117 msg="Check Metadata service's status ..."
level=INFO ts=2021-02-15T06:23:51.4233821Z app=device-simple source=init.go:117 msg="Check Data service's status ..."
level=INFO ts=2021-02-15T06:23:51.4288832Z app=device-simple source=init.go:42 msg="Service clients initialize successful."
level=INFO ts=2021-02-15T06:23:51.4353845Z app=device-simple source=service.go:90 msg="Device Service device-simple exists"
level=INFO ts=2021-02-15T06:23:51.4473869Z app=device-simple source=message.go:50 msg="Service dependencies resolved..."
level=INFO ts=2021-02-15T06:23:51.447887Z app=device-simple source=message.go:51 msg="Starting device-simple to be replaced by makefile "
level=INFO ts=2021-02-15T06:23:51.4483871Z app=device-simple source=message.go:58 msg="Service started in: 31ms"
level=INFO ts=2021-02-15T06:23:51.4488872Z app=device-simple source=autodiscovery.go:19 msg="AutoDiscovery stopped: disabled by configuration"
level=INFO ts=2021-02-15T06:23:53.6503274Z app=device-simple source=httpserver.go:111 msg="Web server shutting down"
level=INFO ts=2021-02-15T06:23:53.6528279Z app=device-simple source=httpserver.go:102 msg="Web server stopped"
level=INFO ts=2021-02-15T06:23:54.153428Z app=device-simple source=httpserver.go:113 msg="Web server shut down"
