kbee@system76:~/dev/edgex/device-simple/repo/cmd/device-simple$ ./device-simple 
level=INFO ts=2020-07-31T22:11:10.36439626Z app=device-simple source=config.go:219 msg="Loaded configuration from ./res/configuration.toml"
level=ERROR ts=2020-07-31T22:11:10.364992008Z app=device-simple source=logger.go:74 msg="logTarget cannot be blank, using stdout only"
level=INFO ts=2020-07-31T22:11:10.36500676Z app=device-simple source=config.go:330 msg="Using local configuration from file (0 environment overrides applied)"
level=INFO ts=2020-07-31T22:11:10.365022748Z app=device-simple source=httpserver.go:94 msg="Web server starting (0.0.0.0:49992)"
level=INFO ts=2020-07-31T22:11:10.365074843Z app=device-simple source=init.go:117 msg="Check Metadata service's status ..."
level=INFO ts=2020-07-31T22:11:10.365136447Z app=device-simple source=init.go:117 msg="Check Data service's status ..."
level=INFO ts=2020-07-31T22:11:10.366041413Z app=device-simple source=init.go:42 msg="Service clients initialize successful."
level=DEBUG ts=2020-07-31T22:11:10.366056717Z app=device-simple source=service.go:76 msg="Trying to find Device Service: device-simple"
level=INFO ts=2020-07-31T22:11:10.367133655Z app=device-simple source=service.go:90 msg="Device Service device-simple exists"
level=DEBUG ts=2020-07-31T22:11:10.367154282Z app=device-simple source=service.go:93 msg="Device Service in Core MetaData: device-simple"
level=DEBUG ts=2020-07-31T22:11:10.371258419Z app=device-simple source=profiles.go:40 msg="created absolute path for loading pre-defined Device Profiles: /home/kbee/dev/edgex/device-simple/repo/cmd/device-simple/res"
level=DEBUG ts=2020-07-31T22:11:10.373113265Z app=device-simple source=devices.go:22 msg="Loading pre-define Devices from configuration"
level=DEBUG ts=2020-07-31T22:11:10.373132433Z app=device-simple source=devices.go:25 msg="Device RandNum-Device01 exists, using the existing one"
level=INFO ts=2020-07-31T22:11:10.373158331Z app=device-simple source=message.go:50 msg="Service dependencies resolved..."
level=INFO ts=2020-07-31T22:11:10.373183423Z app=device-simple source=message.go:51 msg="Starting device-simple 0.0.0 "
level=INFO ts=2020-07-31T22:11:10.373192238Z app=device-simple source=message.go:55 msg="device simple started"
level=INFO ts=2020-07-31T22:11:10.373200371Z app=device-simple source=message.go:58 msg="Service started in: 9.398031ms"
level=INFO ts=2020-07-31T22:11:10.373223757Z app=device-simple source=autodiscovery.go:19 msg="AutoDiscovery stopped: disabled by configuration"
level=DEBUG ts=2020-07-31T22:11:20.373801825Z app=device-simple source=executor.go:49 msg="AutoEvent - executing {\"frequency\":\"10s\",\"resource\":\"randomnumber\"}"
level=DEBUG ts=2020-07-31T22:11:20.373864956Z app=device-simple source=command.go:221 msg="Handler - execReadCmd: deviceResource: randomnumber"
level=DEBUG ts=2020-07-31T22:11:20.37405449Z app=device-simple source=command.go:228 msg="Handler - execReadCmd: deviceResource: {\"description\":\"generated random number\",\"name\":\"randomnumber\",\"properties\":{\"value\":{\"type\":\"int32\",\"readWrite\":\"R\"},\"units\":{\"type\":\"String\",\"readWrite\":\"R\"}},\"attributes\":{\"type\":\"random\"}}"
level=DEBUG ts=2020-07-31T22:11:20.374110798Z app=device-simple source=simpledriver.go:81 msg="SimpleDriver.HandleReadCommands: protocols: map[Other:map[Address:random Port:300]] resource: randomnumber attributes: map[type:random]"
level=DEBUG ts=2020-07-31T22:11:20.374205225Z app=device-simple source=command.go:179 msg="Handler - execReadCmd: device: RandNum-Device01 DeviceResource: randomnumber reading: {\"origin\":1596233480374124185,\"device\":\"RandNum-Device01\",\"name\":\"randomnumber\",\"value\":\"81\",\"valueType\":\"Int32\"}"
level=DEBUG ts=2020-07-31T22:11:20.37427236Z app=device-simple source=executor.go:67 msg="AutoEvent - pushing event {\"device\":\"RandNum-Device01\",\"origin\":1596233480374226089,\"readings\":[{\"origin\":1596233480374124185,\"device\":\"RandNum-Device01\",\"name\":\"randomnumber\",\"value\":\"81\",\"valueType\":\"Int32\"}]}"
level=DEBUG ts=2020-07-31T22:11:20.374340927Z app=device-simple source=utils.go:84 correlation-id=ef4fae7d-50e6-4fb3-9c26-ec102e5be938 msg="SendEvent: EventClient.MarshalEvent encoded event"
level=DEBUG ts=2020-07-31T22:11:20.374314298Z app=device-simple source=utils.go:293 msg="Update of last connected times is disabled for: RandNum-Device01"
level=INFO ts=2020-07-31T22:11:20.690454109Z app=device-simple source=utils.go:94 Content-Type=application/json correlation-id=ef4fae7d-50e6-4fb3-9c26-ec102e5be938 msg="SendEvent: Pushed event to core data"
level=DEBUG ts=2020-07-31T22:11:30.374494617Z app=device-simple source=executor.go:49 msg="AutoEvent - executing {\"frequency\":\"10s\",\"resource\":\"randomnumber\"}"
level=DEBUG ts=2020-07-31T22:11:30.374601232Z app=device-simple source=command.go:221 msg="Handler - execReadCmd: deviceResource: randomnumber"
level=DEBUG ts=2020-07-31T22:11:30.374701298Z app=device-simple source=command.go:228 msg="Handler - execReadCmd: deviceResource: {\"description\":\"generated random number\",\"name\":\"randomnumber\",\"properties\":{\"value\":{\"type\":\"int32\",\"readWrite\":\"R\"},\"units\":{\"type\":\"String\",\"readWrite\":\"R\"}},\"attributes\":{\"type\":\"random\"}}"
level=DEBUG ts=2020-07-31T22:11:30.374771037Z app=device-simple source=simpledriver.go:81 msg="SimpleDriver.HandleReadCommands: protocols: map[Other:map[Address:random Port:300]] resource: randomnumber attributes: map[type:random]"
level=DEBUG ts=2020-07-31T22:11:30.374871738Z app=device-simple source=command.go:179 msg="Handler - execReadCmd: device: RandNum-Device01 DeviceResource: randomnumber reading: {\"origin\":1596233490374800540,\"device\":\"RandNum-Device01\",\"name\":\"randomnumber\",\"value\":\"87\",\"valueType\":\"Int32\"}"
level=DEBUG ts=2020-07-31T22:11:30.374936877Z app=device-simple source=executor.go:67 msg="AutoEvent - pushing event {\"device\":\"RandNum-Device01\",\"origin\":1596233490374909871,\"readings\":[{\"origin\":1596233490374800540,\"device\":\"RandNum-Device01\",\"name\":\"randomnumber\",\"value\":\"87\",\"valueType\":\"Int32\"}]}"
level=DEBUG ts=2020-07-31T22:11:30.375026033Z app=device-simple source=utils.go:84 correlation-id=da0847ef-988c-4c34-af26-5ed7c3f0ff1b msg="SendEvent: EventClient.MarshalEvent encoded event"
level=DEBUG ts=2020-07-31T22:11:30.375044468Z app=device-simple source=utils.go:293 msg="Update of last connected times is disabled for: RandNum-Device01"
level=INFO ts=2020-07-31T22:11:30.378580393Z app=device-simple source=utils.go:94 Content-Type=application/json correlation-id=da0847ef-988c-4c34-af26-5ed7c3f0ff1b msg="SendEvent: Pushed event to core data"
