bee@system76:~/dev/edgex/device-simple/repo/cmd/device-simple$ ./device-simple 
level=INFO ts=2020-07-31T22:03:42.363949405Z app=device-simple source=config.go:219 msg="Loaded configuration from ./res/configuration.toml"
level=ERROR ts=2020-07-31T22:03:42.364438635Z app=device-simple source=logger.go:74 msg="logTarget cannot be blank, using stdout only"
level=INFO ts=2020-07-31T22:03:42.364450049Z app=device-simple source=config.go:330 msg="Using local configuration from file (0 environment overrides applied)"
level=INFO ts=2020-07-31T22:03:42.364462799Z app=device-simple source=httpserver.go:94 msg="Web server starting (0.0.0.0:49992)"
level=INFO ts=2020-07-31T22:03:42.364535555Z app=device-simple source=init.go:117 msg="Check Metadata service's status ..."
level=INFO ts=2020-07-31T22:03:42.364637181Z app=device-simple source=init.go:117 msg="Check Data service's status ..."
level=INFO ts=2020-07-31T22:03:42.365391213Z app=device-simple source=init.go:42 msg="Service clients initialize successful."
level=DEBUG ts=2020-07-31T22:03:42.365404518Z app=device-simple source=service.go:76 msg="Trying to find Device Service: device-simple"
level=INFO ts=2020-07-31T22:03:42.36620019Z app=device-simple source=service.go:90 msg="Device Service device-simple exists"
level=DEBUG ts=2020-07-31T22:03:42.366213392Z app=device-simple source=service.go:93 msg="Device Service in Core MetaData: device-simple"
level=DEBUG ts=2020-07-31T22:03:42.383833912Z app=device-simple source=profiles.go:40 msg="created absolute path for loading pre-defined Device Profiles: /home/kbee/dev/edgex/device-simple/repo/cmd/device-simple/res"
level=DEBUG ts=2020-07-31T22:03:42.385432921Z app=device-simple source=devices.go:22 msg="Loading pre-define Devices from configuration"
level=DEBUG ts=2020-07-31T22:03:42.385576598Z app=device-simple source=devices.go:25 msg="Device RandNum-Device01 exists, using the existing one"
level=INFO ts=2020-07-31T22:03:42.385602906Z app=device-simple source=message.go:50 msg="Service dependencies resolved..."
level=INFO ts=2020-07-31T22:03:42.385613318Z app=device-simple source=message.go:51 msg="Starting device-simple 0.0.0 "
level=INFO ts=2020-07-31T22:03:42.385624937Z app=device-simple source=message.go:55 msg="device simple started"
level=INFO ts=2020-07-31T22:03:42.385633727Z app=device-simple source=message.go:58 msg="Service started in: 22.295864ms"
level=INFO ts=2020-07-31T22:03:42.385627607Z app=device-simple source=autodiscovery.go:19 msg="AutoDiscovery stopped: disabled by configuration"
level=DEBUG ts=2020-07-31T22:03:52.386065409Z app=device-simple source=executor.go:49 msg="AutoEvent - executing {\"frequency\":\"10s\",\"resource\":\"randomnumber\"}"
level=ERROR ts=2020-07-31T22:03:52.386267221Z app=device-simple source=command.go:206 msg="specified cmd: randomnumber not found"
level=ERROR ts=2020-07-31T22:03:52.386376628Z app=device-simple source=executor.go:52 msg="AutoEvent - error occurs when reading resource randomnumber"
level=DEBUG ts=2020-07-31T22:03:52.386459709Z app=device-simple source=utils.go:293 msg="Update of last connected times is disabled for: RandNum-Device01"
